app/build/intermediates/manifest_merge_blame_file/debug/manifest-merger-blame-debug-report.txt
1<?xml version="1.0" encoding="utf-8"?>
2<manifest xmlns:android="http://schemas.android.com/apk/res/android"
3    package="com.example.mad19bit0292"
4    android:versionCode="1"
5    android:versionName="1.0" >
6
7    <uses-sdk
8        android:minSdkVersion="16"
8-->src\main\AndroidManifest.xml
9        android:targetSdkVersion="28" />
9-->src\main\AndroidManifest.xml
10
11    <uses-permission android:name="android.permission.INTERNET" />
11-->src\main\AndroidManifest.xml:4:5-66
11-->src\main\AndroidManifest.xml:4:22-64
12
13    <!-- Although the *SdkVersion is captured in gradle build files, this is required for non gradle builds -->
14    <!-- <uses-sdk android:minSdkVersion="14"/> -->
15    <uses-permission android:name="android.permission.ACCESS_NETWORK_STATE" />
15-->[com.google.firebase:firebase-database:19.7.0] AndroidManifest.xml:25:5-79
15-->[com.google.firebase:firebase-database:19.7.0] AndroidManifest.xml:25:22-76
16    <uses-permission android:name="android.permission.WAKE_LOCK" />
16-->[com.google.android.gms:play-services-measurement:18.0.3] AndroidManifest.xml:25:5-68
16-->[com.google.android.gms:play-services-measurement:18.0.3] AndroidManifest.xml:25:22-65
17    <uses-permission android:name="com.google.android.finsky.permission.BIND_GET_INSTALL_REFERRER_SERVICE" />
17-->[com.google.android.gms:play-services-measurement:18.0.3] AndroidManifest.xml:26:5-110
17-->[com.google.android.gms:play-services-measurement:18.0.3] AndroidManifest.xml:26:22-107
18
19    <application
19-->src\main\AndroidManifest.xml:6:5-30:19
20        android:allowBackup="true"
20-->src\main\AndroidManifest.xml:7:9-35
21        android:appComponentFactory="androidx.core.app.CoreComponentFactory"
21-->[androidx.core:core:1.3.1] AndroidManifest.xml:24:18-86
22        android:debuggable="true"
23        android:icon="@mipmap/ic_launcher"
23-->src\main\AndroidManifest.xml:8:9-43
24        android:label="@string/app_name"
24-->src\main\AndroidManifest.xml:9:9-41
25        android:roundIcon="@mipmap/ic_launcher_round"
25-->src\main\AndroidManifest.xml:10:9-54
26        android:supportsRtl="true"
26-->src\main\AndroidManifest.xml:11:9-35
27        android:testOnly="true"
28        android:theme="@style/Theme.MAD19BIT0292" >
28-->src\main\AndroidManifest.xml:12:9-50
29        <activity
29-->src\main\AndroidManifest.xml:13:9-14:58
30            android:name="com.example.mad19bit0292.MainActivity2"
30-->src\main\AndroidManifest.xml:13:19-48
31            android:label="Teachers"
31-->src\main\AndroidManifest.xml:13:50-74
32            android:parentActivityName="com.example.mad19bit0292.MainActivity" />
32-->src\main\AndroidManifest.xml:14:13-55
33        <activity
33-->src\main\AndroidManifest.xml:15:9-18:58
34            android:name="com.example.mad19bit0292.Na"
34-->src\main\AndroidManifest.xml:16:13-31
35            android:label="CHECK REGISTRATION NUMBER"
35-->src\main\AndroidManifest.xml:17:13-54
36            android:parentActivityName="com.example.mad19bit0292.MainActivity" />
36-->src\main\AndroidManifest.xml:18:13-55
37        <activity
37-->src\main\AndroidManifest.xml:19:9-22:58
38            android:name="com.example.mad19bit0292.Read"
38-->src\main\AndroidManifest.xml:20:13-33
39            android:label="REGISTER NEW USER"
39-->src\main\AndroidManifest.xml:21:13-46
40            android:parentActivityName="com.example.mad19bit0292.MainActivity" />
40-->src\main\AndroidManifest.xml:22:13-55
41        <activity android:name="com.example.mad19bit0292.MainActivity" >
41-->src\main\AndroidManifest.xml:23:9-29:20
41-->src\main\AndroidManifest.xml:23:19-47
42            <intent-filter>
42-->src\main\AndroidManifest.xml:24:13-28:29
43                <action android:name="android.intent.action.MAIN" />
43-->src\main\AndroidManifest.xml:25:17-69
43-->src\main\AndroidManifest.xml:25:25-66
44
45                <category android:name="android.intent.category.LAUNCHER" />
45-->src\main\AndroidManifest.xml:27:17-77
45-->src\main\AndroidManifest.xml:27:27-74
46            </intent-filter>
47        </activity>
48
49        <service
49-->[com.google.firebase:firebase-database:19.7.0] AndroidManifest.xml:29:9-35:19
50            android:name="com.google.firebase.components.ComponentDiscoveryService"
50-->[com.google.firebase:firebase-database:19.7.0] AndroidManifest.xml:30:13-84
51            android:directBootAware="true"
51-->[com.google.firebase:firebase-common:19.5.0] AndroidManifest.xml:35:13-43
52            android:exported="false" >
52-->[com.google.firebase:firebase-database:19.7.0] AndroidManifest.xml:31:13-37
53            <meta-data
53-->[com.google.firebase:firebase-database:19.7.0] AndroidManifest.xml:32:13-34:85
54                android:name="com.google.firebase.components:com.google.firebase.database.DatabaseRegistrar"
54-->[com.google.firebase:firebase-database:19.7.0] AndroidManifest.xml:33:17-109
55                android:value="com.google.firebase.components.ComponentRegistrar" />
55-->[com.google.firebase:firebase-database:19.7.0] AndroidManifest.xml:34:17-82
56            <meta-data
56-->[com.google.android.gms:play-services-measurement-api:18.0.3] AndroidManifest.xml:30:13-32:85
57                android:name="com.google.firebase.components:com.google.firebase.analytics.connector.internal.AnalyticsConnectorRegistrar"
57-->[com.google.android.gms:play-services-measurement-api:18.0.3] AndroidManifest.xml:31:17-139
58                android:value="com.google.firebase.components.ComponentRegistrar" />
58-->[com.google.android.gms:play-services-measurement-api:18.0.3] AndroidManifest.xml:32:17-82
59            <meta-data
59-->[com.google.firebase:firebase-installations:16.3.2] AndroidManifest.xml:17:13-19:85
60                android:name="com.google.firebase.components:com.google.firebase.installations.FirebaseInstallationsRegistrar"
60-->[com.google.firebase:firebase-installations:16.3.2] AndroidManifest.xml:18:17-127
61                android:value="com.google.firebase.components.ComponentRegistrar" />
61-->[com.google.firebase:firebase-installations:16.3.2] AndroidManifest.xml:19:17-82
62            <!--
63                This registrar is not defined in the dynamic-module-support sdk itself to allow non-firebase
64                clients to use it as well, by defining this registrar in their own core/common library.
65            -->
66            <meta-data
66-->[com.google.firebase:firebase-common:19.5.0] AndroidManifest.xml:43:13-45:85
67                android:name="com.google.firebase.components:com.google.firebase.dynamicloading.DynamicLoadingRegistrar"
67-->[com.google.firebase:firebase-common:19.5.0] AndroidManifest.xml:44:17-121
68                android:value="com.google.firebase.components.ComponentRegistrar" />
68-->[com.google.firebase:firebase-common:19.5.0] AndroidManifest.xml:45:17-82
69        </service>
70
71        <activity
71-->[com.google.android.gms:play-services-base:17.0.0] AndroidManifest.xml:23:9-26:75
72            android:name="com.google.android.gms.common.api.GoogleApiActivity"
72-->[com.google.android.gms:play-services-base:17.0.0] AndroidManifest.xml:24:13-79
73            android:exported="false"
73-->[com.google.android.gms:play-services-base:17.0.0] AndroidManifest.xml:25:13-37
74            android:theme="@android:style/Theme.Translucent.NoTitleBar" />
74-->[com.google.android.gms:play-services-base:17.0.0] AndroidManifest.xml:26:13-72
75
76        <receiver
76-->[com.google.android.gms:play-services-measurement:18.0.3] AndroidManifest.xml:29:9-33:20
77            android:name="com.google.android.gms.measurement.AppMeasurementReceiver"
77-->[com.google.android.gms:play-services-measurement:18.0.3] AndroidManifest.xml:30:13-85
78            android:enabled="true"
78-->[com.google.android.gms:play-services-measurement:18.0.3] AndroidManifest.xml:31:13-35
79            android:exported="false" >
79-->[com.google.android.gms:play-services-measurement:18.0.3] AndroidManifest.xml:32:13-37
80        </receiver>
81
82        <service
82-->[com.google.android.gms:play-services-measurement:18.0.3] AndroidManifest.xml:35:9-38:40
83            android:name="com.google.android.gms.measurement.AppMeasurementService"
83-->[com.google.android.gms:play-services-measurement:18.0.3] AndroidManifest.xml:36:13-84
84            android:enabled="true"
84-->[com.google.android.gms:play-services-measurement:18.0.3] AndroidManifest.xml:37:13-35
85            android:exported="false" />
85-->[com.google.android.gms:play-services-measurement:18.0.3] AndroidManifest.xml:38:13-37
86        <service
86-->[com.google.android.gms:play-services-measurement:18.0.3] AndroidManifest.xml:39:9-43:72
87            android:name="com.google.android.gms.measurement.AppMeasurementJobService"
87-->[com.google.android.gms:play-services-measurement:18.0.3] AndroidManifest.xml:40:13-87
88            android:enabled="true"
88-->[com.google.android.gms:play-services-measurement:18.0.3] AndroidManifest.xml:41:13-35
89            android:exported="false"
89-->[com.google.android.gms:play-services-measurement:18.0.3] AndroidManifest.xml:42:13-37
90            android:permission="android.permission.BIND_JOB_SERVICE" />
90-->[com.google.android.gms:play-services-measurement:18.0.3] AndroidManifest.xml:43:13-69
91
92        <provider
92-->[com.google.firebase:firebase-common:19.5.0] AndroidManifest.xml:26:9-31:39
93            android:name="com.google.firebase.provider.FirebaseInitProvider"
93-->[com.google.firebase:firebase-common:19.5.0] AndroidManifest.xml:27:13-77
94            android:authorities="com.example.mad19bit0292.firebaseinitprovider"
94-->[com.google.firebase:firebase-common:19.5.0] AndroidManifest.xml:28:13-72
95            android:directBootAware="true"
95-->[com.google.firebase:firebase-common:19.5.0] AndroidManifest.xml:29:13-43
96            android:exported="false"
96-->[com.google.firebase:firebase-common:19.5.0] AndroidManifest.xml:30:13-37
97            android:initOrder="100" />
97-->[com.google.firebase:firebase-common:19.5.0] AndroidManifest.xml:31:13-36
98
99        <meta-data
99-->[com.google.android.gms:play-services-basement:17.0.0] AndroidManifest.xml:23:9-25:69
100            android:name="com.google.android.gms.version"
100-->[com.google.android.gms:play-services-basement:17.0.0] AndroidManifest.xml:24:13-58
101            android:value="@integer/google_play_services_version" />
101-->[com.google.android.gms:play-services-basement:17.0.0] AndroidManifest.xml:25:13-66
102    </application>
103
104</manifest>